<?xml version="1.0" encoding="UTF-8" standalone="yes"?><!DOCTYPE report PUBLIC "-//JACOCO//DTD Report 1.1//EN"
        "report.dtd">
<report name="jacotura-demo">
    <sessioninfo id="chirag-b9088075" start="1641650232482" dump="1641650234304"/>
    <package name="io/github/chiragji/jacotura">
        <class name="io/github/chiragji/jacotura/Jacotura" sourcefilename="Jacotura.java">
            <method name="&lt;init&gt;" desc="()V" line="10">
                <counter type="INSTRUCTION" missed="0" covered="3"/>
                <counter type="LINE" missed="0" covered="1"/>
                <counter type="COMPLEXITY" missed="0" covered="1"/>
                <counter type="METHOD" missed="0" covered="1"/>
            </method>
            <method name="getUUID" desc="()Ljava/lang/String;" line="13">
                <counter type="INSTRUCTION" missed="0" covered="3"/>
                <counter type="LINE" missed="0" covered="1"/>
                <counter type="COMPLEXITY" missed="0" covered="1"/>
                <counter type="METHOD" missed="0" covered="1"/>
            </method>
            <method name="cover" desc="(ZZ)Z" line="17">
                <counter type="INSTRUCTION" missed="5" covered="31"/>
                <counter type="BRANCH" missed="3" covered="17"/>
                <counter type="LINE" missed="1" covered="8"/>
                <counter type="COMPLEXITY" missed="3" covered="8"/>
                <counter type="METHOD" missed="0" covered="1"/>
            </method>
            <counter type="INSTRUCTION" missed="5" covered="37"/>
            <counter type="BRANCH" missed="3" covered="17"/>
            <counter type="LINE" missed="1" covered="10"/>
            <counter type="COMPLEXITY" missed="3" covered="10"/>
            <counter type="METHOD" missed="0" covered="3"/>
            <counter type="CLASS" missed="0" covered="1"/>
        </class>
        <sourcefile name="Jacotura.java">
            <line nr="10" mi="0" ci="3" mb="0" cb="0"/>
            <line nr="13" mi="0" ci="3" mb="0" cb="0"/>
            <line nr="17" mi="0" ci="4" mb="1" cb="3"/>
            <line nr="18" mi="0" ci="3" mb="0" cb="0"/>
            <line nr="19" mi="0" ci="4" mb="0" cb="4"/>
            <line nr="20" mi="0" ci="3" mb="0" cb="0"/>
            <line nr="21" mi="0" ci="4" mb="1" cb="3"/>
            <line nr="22" mi="3" ci="0" mb="0" cb="0"/>
            <line nr="23" mi="0" ci="4" mb="0" cb="4"/>
            <line nr="24" mi="0" ci="3" mb="0" cb="0"/>
            <line nr="25" mi="2" ci="6" mb="1" cb="3"/>
            <counter type="INSTRUCTION" missed="5" covered="37"/>
            <counter type="BRANCH" missed="3" covered="17"/>
            <counter type="LINE" missed="1" covered="10"/>
            <counter type="COMPLEXITY" missed="3" covered="10"/>
            <counter type="METHOD" missed="0" covered="3"/>
            <counter type="CLASS" missed="0" covered="1"/>
        </sourcefile>
        <counter type="INSTRUCTION" missed="5" covered="37"/>
        <counter type="BRANCH" missed="3" covered="17"/>
        <counter type="LINE" missed="1" covered="10"/>
        <counter type="COMPLEXITY" missed="3" covered="10"/>
        <counter type="METHOD" missed="0" covered="3"/>
        <counter type="CLASS" missed="0" covered="1"/>
    </package>
    <counter type="INSTRUCTION" missed="5" covered="37"/>
    <counter type="BRANCH" missed="3" covered="17"/>
    <counter type="LINE" missed="1" covered="10"/>
    <counter type="COMPLEXITY" missed="3" covered="10"/>
    <counter type="METHOD" missed="0" covered="3"/>
    <counter type="CLASS" missed="0" covered="1"/>
</report>